DEBUG 2025-04-28 22:56:42,897 views Rendering courses list: category=All, user=Bibash
DEBUG 2025-04-28 22:56:45,527 views Rendering course detail: course_id=13, user=Bibash
DEBUG 2025-04-28 22:56:46,647 views Rendering course payment: course_id=13, user=Bibash
DEBUG 2025-04-28 22:56:48,838 views Rendering course detail: course_id=13, user=Bibash
DEBUG 2025-04-28 22:56:50,032 views Rendering courses list: category=All, user=Bibash
DEBUG 2025-04-28 22:56:51,174 views Rendering course detail: course_id=14, user=Bibash
DEBUG 2025-04-28 22:56:52,424 views Rendering course payment: course_id=14, user=Bibash
DEBUG 2025-04-28 22:56:54,934 views Initiating payment: user=Bibash, course=Western Vocals, level=Foundation
INFO 2025-04-28 22:56:54,943 views Created payment: ID=64, user=Bibash
DEBUG 2025-04-28 22:56:55,411 views Khalti API response: status=200, body={"pidx":"pGvZ9puSG47h2JfhPZ4tsc","payment_url":"https://test-pay.khalti.com/?pidx=pGvZ9puSG47h2JfhPZ4tsc","expires_at":"2025-04-28T23:26:55.129648+05:45","expires_in":1800}
INFO 2025-04-28 22:56:55,427 views Payment initiated: pidx=pGvZ9puSG47h2JfhPZ4tsc
DEBUG 2025-04-28 22:57:10,504 views Payment success called: GET=<QueryDict: {'payment_id': ['64'], 'pidx': ['pGvZ9puSG47h2JfhPZ4tsc'], 'transaction_id': ['ECzCbepSU5xfoz2t7RSXeV'], 'tidx': ['ECzCbepSU5xfoz2t7RSXeV'], 'txnId': ['ECzCbepSU5xfoz2t7RSXeV'], 'amount': ['13000'], 'total_amount': ['13000'], 'mobile': ['98XXXXX001'], 'status': ['Completed'], 'purchase_order_id': ['b9db0d96-7d7c-4b3e-aa59-441413d04fc2'], 'purchase_order_name': ['Western Vocals - Foundation']}>, user=Mandala
INFO 2025-04-28 22:57:10,506 views Found payment: ID=64, user=Bibash, pidx=pGvZ9puSG47h2JfhPZ4tsc, status=Initiated
INFO 2025-04-28 22:57:10,521 views Payment 64 completed, redirecting to success page
DEBUG 2025-04-28 22:57:10,535 views Accessing payment_success_page: payment_id=64, user=Mandala
INFO 2025-04-28 22:57:10,537 views Payment details: ID=64, user=Bibash, status=Completed
ERROR 2025-04-28 22:57:10,537 views User mismatch: authenticated=Mandala, payment_user=Bibash
DEBUG 2025-04-28 22:57:20,994 views Rendering home page for user: Bibash
DEBUG 2025-04-28 22:58:28,238 views Accessing payment_success_page: payment_id=64, user=Mandala
INFO 2025-04-28 22:58:28,239 views Payment details: ID=64, user=Bibash, status=Completed
ERROR 2025-04-28 22:58:28,239 views User mismatch: authenticated=Mandala, payment_user=Bibash
DEBUG 2025-04-28 22:58:28,859 views Accessing payment_success_page: payment_id=64, user=Mandala
INFO 2025-04-28 22:58:28,860 views Payment details: ID=64, user=Bibash, status=Completed
ERROR 2025-04-28 22:58:28,860 views User mismatch: authenticated=Mandala, payment_user=Bibash
DEBUG 2025-04-28 23:06:56,196 views Accessing payment_success_page: payment_id=64, user=Mandala
INFO 2025-04-28 23:06:56,198 views Payment details: ID=64, user=Bibash, status=Completed
ERROR 2025-04-28 23:06:56,198 views User mismatch: authenticated=Mandala, payment_user=Bibash
DEBUG 2025-04-28 23:06:56,930 views Accessing payment_success_page: payment_id=64, user=Mandala
INFO 2025-04-28 23:06:56,931 views Payment details: ID=64, user=Bibash, status=Completed
ERROR 2025-04-28 23:06:56,932 views User mismatch: authenticated=Mandala, payment_user=Bibash
DEBUG 2025-04-28 23:06:57,157 views Accessing payment_success_page: payment_id=64, user=Mandala
INFO 2025-04-28 23:06:57,158 views Payment details: ID=64, user=Bibash, status=Completed
ERROR 2025-04-28 23:06:57,158 views User mismatch: authenticated=Mandala, payment_user=Bibash
DEBUG 2025-04-28 23:06:58,685 views Rendering course payment: course_id=14, user=shesan
DEBUG 2025-04-28 23:06:58,846 views Rendering course detail: course_id=14, user=shesan
DEBUG 2025-04-28 23:06:58,975 views Rendering courses list: category=All, user=shesan
DEBUG 2025-04-28 23:06:59,115 views Rendering course detail: course_id=13, user=shesan
DEBUG 2025-04-28 23:07:19,323 views Login attempt: form_valid=True
DEBUG 2025-04-28 23:07:19,324 views Authenticating user: Bibash
INFO 2025-04-28 23:07:19,691 views User Bibash logged in
DEBUG 2025-04-28 23:07:19,710 views Rendering home page for user: Bibash
DEBUG 2025-04-28 23:07:20,641 views Rendering courses list: category=All, user=Bibash
DEBUG 2025-04-28 23:07:22,337 views Rendering course detail: course_id=14, user=Bibash
DEBUG 2025-04-28 23:07:23,770 views Rendering course payment: course_id=14, user=Bibash
DEBUG 2025-04-28 23:07:27,316 views Initiating payment: user=Bibash, course=Western Vocals, level=Foundation
WARNING 2025-04-28 23:07:27,318 views User Bibash already paid for Western Vocals - Foundation
DEBUG 2025-04-28 23:07:31,702 views Initiating payment: user=Bibash, course=Western Vocals, level=Foundation
WARNING 2025-04-28 23:07:31,703 views User Bibash already paid for Western Vocals - Foundation
DEBUG 2025-04-28 23:07:39,042 views Rendering home page for user: Bibash
DEBUG 2025-04-28 23:07:40,927 views Rendering courses list: category=All, user=Bibash
DEBUG 2025-04-28 23:07:42,448 views Rendering course detail: course_id=13, user=Bibash
DEBUG 2025-04-28 23:07:44,643 views Rendering course payment: course_id=13, user=Bibash
DEBUG 2025-04-28 23:07:47,701 views Initiating payment: user=Bibash, course=Eastern Vocals, level=Foundation
WARNING 2025-04-28 23:07:47,702 views User Bibash already paid for Eastern Vocals - Foundation
DEBUG 2025-04-28 23:08:55,977 views Login attempt: form_valid=True
DEBUG 2025-04-28 23:08:55,977 views Authenticating user: Bibash
INFO 2025-04-28 23:08:56,349 views User Bibash logged in
DEBUG 2025-04-28 23:08:56,363 views Rendering home page for user: Bibash
DEBUG 2025-04-28 23:08:57,586 views Rendering courses list: category=All, user=Bibash
DEBUG 2025-04-28 23:08:58,623 views Rendering course detail: course_id=13, user=Bibash
DEBUG 2025-04-28 23:08:59,611 views Rendering course payment: course_id=13, user=Bibash
DEBUG 2025-04-28 23:09:01,302 views Initiating payment: user=Bibash, course=Eastern Vocals, level=Foundation
WARNING 2025-04-28 23:09:01,304 views User Bibash already paid for Eastern Vocals - Foundation
DEBUG 2025-04-28 23:09:10,177 views Rendering register page: form_errors=
DEBUG 2025-04-28 23:09:18,802 views Rendering home page for user: Bibash
INFO 2025-04-28 23:09:21,686 views User Bibash logged out
DEBUG 2025-04-28 23:09:32,579 views Rendering register page: form_errors=
INFO 2025-04-28 23:09:54,091 views User Naya registered with role student
DEBUG 2025-04-28 23:09:54,103 views Rendering home page for user: Naya
DEBUG 2025-04-28 23:09:57,244 views Rendering courses list: category=All, user=Naya
DEBUG 2025-04-28 23:09:58,716 views Rendering course detail: course_id=14, user=Naya
DEBUG 2025-04-28 23:10:00,285 views Rendering course payment: course_id=14, user=Naya
DEBUG 2025-04-28 23:10:02,322 views Initiating payment: user=Naya, course=Western Vocals, level=Foundation
INFO 2025-04-28 23:10:02,329 views Created payment: ID=65, user=Naya
DEBUG 2025-04-28 23:10:02,668 views Khalti API response: status=200, body={"pidx":"gJrD5UHVz9Kx2y6aAWPdFL","payment_url":"https://test-pay.khalti.com/?pidx=gJrD5UHVz9Kx2y6aAWPdFL","expires_at":"2025-04-28T23:40:02.371381+05:45","expires_in":1800}
INFO 2025-04-28 23:10:02,668 views Payment initiated: pidx=gJrD5UHVz9Kx2y6aAWPdFL
DEBUG 2025-04-28 23:10:02,862 views Initiating payment: user=Naya, course=Western Vocals, level=Foundation
INFO 2025-04-28 23:10:02,926 views Created payment: ID=66, user=Naya
DEBUG 2025-04-28 23:10:03,230 views Khalti API response: status=200, body={"pidx":"pYCaFhz9ZgNoK4oGSyumF8","payment_url":"https://test-pay.khalti.com/?pidx=pYCaFhz9ZgNoK4oGSyumF8","expires_at":"2025-04-28T23:40:02.915978+05:45","expires_in":1800}
INFO 2025-04-28 23:10:03,236 views Payment initiated: pidx=pYCaFhz9ZgNoK4oGSyumF8
DEBUG 2025-04-28 23:10:20,636 views Payment success called: GET=<QueryDict: {'payment_id': ['65'], 'pidx': ['gJrD5UHVz9Kx2y6aAWPdFL'], 'transaction_id': ['NFHoSAPwCDnXfXZwpSgiJR'], 'tidx': ['NFHoSAPwCDnXfXZwpSgiJR'], 'txnId': ['NFHoSAPwCDnXfXZwpSgiJR'], 'amount': ['13000'], 'total_amount': ['13000'], 'mobile': ['98XXXXX001'], 'status': ['Completed'], 'purchase_order_id': ['d53b8d03-fa9c-4506-8155-f9ae23dd152b'], 'purchase_order_name': ['Western Vocals - Foundation']}>, user=Mandala
INFO 2025-04-28 23:10:20,638 views Found payment: ID=65, user=Naya, pidx=gJrD5UHVz9Kx2y6aAWPdFL, status=Initiated
INFO 2025-04-28 23:10:20,651 views Updated user Naya's role to Student
INFO 2025-04-28 23:10:20,655 views Payment 65 completed, redirecting to success page
DEBUG 2025-04-28 23:10:20,668 views Accessing payment_success_page: payment_id=65, user=Mandala
INFO 2025-04-28 23:10:20,669 views Payment details: ID=65, user=Naya, status=Completed
ERROR 2025-04-28 23:10:20,670 views User mismatch: authenticated=Mandala, payment_user=Naya
DEBUG 2025-04-28 23:19:00,496 views Accessing payment_success_page: payment_id=65, user=Mandala
INFO 2025-04-28 23:19:00,499 views Payment details: ID=65, user=Naya, course=Western Vocals, status=Completed
DEBUG 2025-04-28 23:19:00,500 views Checking user payment status: user=Mandala, has_completed_payment=True
INFO 2025-04-28 23:19:00,501 views Rendering payment_success.html for payment 65 by user Mandala
DEBUG 2025-04-28 23:19:12,947 views Accessing course content: course_id=14, user=Mandala, role=Student
DEBUG 2025-04-28 23:19:12,952 views Rendering course content: course=Western Vocals, contents=1
DEBUG 2025-04-28 23:19:17,023 views Accessing payment_success_page: payment_id=65, user=Mandala
INFO 2025-04-28 23:19:17,025 views Payment details: ID=65, user=Naya, course=Western Vocals, status=Completed
DEBUG 2025-04-28 23:19:17,025 views Checking user payment status: user=Mandala, has_completed_payment=True
INFO 2025-04-28 23:19:17,026 views Rendering payment_success.html for payment 65 by user Mandala
DEBUG 2025-04-28 23:19:18,585 views Accessing student dashboard: user=Mandala, role=Student
DEBUG 2025-04-28 23:19:18,594 views Rendering student dashboard: courses=5
DEBUG 2025-04-28 23:26:00,735 views Login attempt: form_valid=True
DEBUG 2025-04-28 23:26:00,736 views Authenticating user: Mandala
INFO 2025-04-28 23:26:01,112 views User Mandala logged in
DEBUG 2025-04-28 23:26:01,130 views Rendering home page for user: Mandala
DEBUG 2025-04-28 23:26:11,270 views Accessing payment_success_page: payment_id=65, user=Mandala
INFO 2025-04-28 23:26:11,275 views Payment details: ID=65, user=Naya, course=Western Vocals, status=Completed
DEBUG 2025-04-28 23:26:11,276 views Checking user payment status: user=Mandala, has_completed_payment=True
INFO 2025-04-28 23:26:11,278 views Rendering payment_success.html for payment 65 by user Mandala
DEBUG 2025-04-28 23:26:48,525 views Accessing payment_success_page: payment_id=65, user=Mandala
INFO 2025-04-28 23:26:48,527 views Payment details: ID=65, user=Naya, course=Western Vocals, status=Completed
DEBUG 2025-04-28 23:26:48,527 views Checking user payment status: user=Mandala, has_completed_payment=True
INFO 2025-04-28 23:26:48,528 views Rendering payment_success.html for payment 65 by user Mandala
DEBUG 2025-04-28 23:27:01,379 views Login attempt: form_valid=True
DEBUG 2025-04-28 23:27:01,380 views Authenticating user: Naya
INFO 2025-04-28 23:27:01,745 views User Naya logged in
DEBUG 2025-04-28 23:27:01,757 views Rendering home page for user: Naya
DEBUG 2025-04-28 23:27:06,447 views Accessing payment_success_page: payment_id=65, user=Naya
INFO 2025-04-28 23:27:06,449 views Payment details: ID=65, user=Naya, course=Western Vocals, status=Completed
DEBUG 2025-04-28 23:27:06,450 views Checking user payment status: user=Naya, has_completed_payment=True
INFO 2025-04-28 23:27:06,450 views Rendering payment_success.html for payment 65 by user Naya
DEBUG 2025-04-28 23:31:07,113 views Rendering home page for user: Naya
DEBUG 2025-04-28 23:32:03,969 views Rendering home page for user: Naya
DEBUG 2025-04-28 23:32:14,424 views Rendering courses list: category=All, user=Naya
DEBUG 2025-04-28 23:32:15,200 views Rendering home page for user: Naya
DEBUG 2025-04-28 23:32:15,430 views Rendering home page for user: Naya
DEBUG 2025-04-28 23:32:16,177 views Rendering courses list: category=All, user=Naya
DEBUG 2025-04-28 23:32:17,100 views Accessing student dashboard: user=Naya, role=Student
DEBUG 2025-04-28 23:32:17,102 views Rendering student dashboard: courses=1
DEBUG 2025-04-28 23:32:19,937 views Accessing course content: course_id=14, user=Naya, role=Student
INFO 2025-04-28 23:32:19,950 views Updated progress for Naya in Western Vocals: 100.0%
DEBUG 2025-04-28 23:32:19,952 views Rendering course content: course=Western Vocals, contents=1
DEBUG 2025-04-28 23:32:23,219 views Rendering home page for user: Naya
DEBUG 2025-04-28 23:32:24,415 views Rendering courses list: category=All, user=Naya
DEBUG 2025-04-28 23:32:25,073 views Rendering home page for user: Naya
DEBUG 2025-04-28 23:32:30,573 views Accessing student dashboard: user=Naya, role=Student
DEBUG 2025-04-28 23:32:30,578 views Rendering student dashboard: courses=1
DEBUG 2025-04-28 23:32:43,511 views Rendering courses list: category=All, user=Naya
DEBUG 2025-04-28 23:32:44,689 views Accessing student dashboard: user=Naya, role=Student
DEBUG 2025-04-28 23:32:44,692 views Rendering student dashboard: courses=1
DEBUG 2025-04-28 23:32:48,483 views Rendering courses list: category=All, user=Naya
DEBUG 2025-04-28 23:32:50,063 views Rendering course detail: course_id=13, user=Naya
DEBUG 2025-04-28 23:32:51,177 views Rendering course payment: course_id=13, user=Naya
DEBUG 2025-04-28 23:32:52,959 views Initiating payment: user=Naya, course=Eastern Vocals, level=Foundation
INFO 2025-04-28 23:32:52,964 views Created payment: ID=67, user=Naya
DEBUG 2025-04-28 23:32:53,340 views Khalti API response: status=200, body={"pidx":"hiWJqt6yMT7ExoUdv6jZrZ","payment_url":"https://test-pay.khalti.com/?pidx=hiWJqt6yMT7ExoUdv6jZrZ","expires_at":"2025-04-29T00:02:52.998848+05:45","expires_in":1800}
INFO 2025-04-28 23:32:53,347 views Payment initiated: pidx=hiWJqt6yMT7ExoUdv6jZrZ
DEBUG 2025-04-28 23:33:06,415 views Payment success called: GET=<QueryDict: {'payment_id': ['67'], 'pidx': ['hiWJqt6yMT7ExoUdv6jZrZ'], 'transaction_id': ['eir4Ndxf3MneJEgVAs4hRe'], 'tidx': ['eir4Ndxf3MneJEgVAs4hRe'], 'txnId': ['eir4Ndxf3MneJEgVAs4hRe'], 'amount': ['13000'], 'total_amount': ['13000'], 'mobile': ['98XXXXX001'], 'status': ['Completed'], 'purchase_order_id': ['677962a5-b884-4499-9c1f-fc2faadde972'], 'purchase_order_name': ['Eastern Vocals - Foundation']}>, user=Naya
INFO 2025-04-28 23:33:06,417 views Found payment: ID=67, user=Naya, pidx=hiWJqt6yMT7ExoUdv6jZrZ, status=Initiated
DEBUG 2025-04-28 23:33:06,421 views Enrolling user Naya in course Eastern Vocals
INFO 2025-04-28 23:33:06,428 views User Naya enrolled in course Eastern Vocals
INFO 2025-04-28 23:33:06,433 views Payment 67 completed, redirecting to success page
DEBUG 2025-04-28 23:33:06,446 views Accessing payment_success_page: payment_id=67, user=Naya
INFO 2025-04-28 23:33:06,447 views Payment details: ID=67, user=Naya, course=Eastern Vocals, status=Completed
DEBUG 2025-04-28 23:33:06,448 views Checking user payment status: user=Naya, has_completed_payment=True
INFO 2025-04-28 23:33:06,449 views Rendering payment_success.html for payment 67 by user Naya
DEBUG 2025-04-28 23:46:59,403 views Rendering home page for user: Naya
DEBUG 2025-04-28 23:47:01,454 views Accessing student dashboard: user=Naya, role=Student
DEBUG 2025-04-28 23:47:01,463 views Rendering student dashboard: courses=2
DEBUG 2025-04-28 23:47:03,215 views Rendering home page for user: Naya
DEBUG 2025-04-28 23:47:04,218 views Accessing student dashboard: user=Naya, role=Student
DEBUG 2025-04-28 23:47:04,223 views Rendering student dashboard: courses=2
DEBUG 2025-04-28 23:47:05,192 views Rendering home page for user: Naya
DEBUG 2025-04-28 23:47:06,783 views Accessing student dashboard: user=Naya, role=Student
DEBUG 2025-04-28 23:47:06,788 views Rendering student dashboard: courses=2
DEBUG 2025-04-28 23:47:08,504 views Rendering home page for user: Naya
DEBUG 2025-04-28 23:47:10,807 views Rendering courses list: category=All, user=Naya
DEBUG 2025-04-28 23:47:11,707 views Rendering home page for user: Naya
DEBUG 2025-04-28 23:47:12,644 views Rendering courses list: category=All, user=Naya
DEBUG 2025-04-28 23:47:13,552 views Rendering home page for user: Naya
DEBUG 2025-04-28 23:47:14,497 views Rendering courses list: category=All, user=Naya
DEBUG 2025-04-28 23:47:15,371 views Accessing student dashboard: user=Naya, role=Student
DEBUG 2025-04-28 23:47:15,376 views Rendering student dashboard: courses=2
DEBUG 2025-04-28 23:47:17,326 views Accessing student dashboard: user=Naya, role=Student
DEBUG 2025-04-28 23:47:17,330 views Rendering student dashboard: courses=2
DEBUG 2025-04-28 23:47:22,617 views Rendering home page for user: Naya
DEBUG 2025-04-28 23:47:23,768 views Accessing student dashboard: user=Naya, role=Student
DEBUG 2025-04-28 23:47:23,773 views Rendering student dashboard: courses=2
DEBUG 2025-04-28 23:47:25,112 views Rendering home page for user: Naya
DEBUG 2025-04-28 23:47:26,505 views Accessing student dashboard: user=Naya, role=Student
DEBUG 2025-04-28 23:47:26,510 views Rendering student dashboard: courses=2
DEBUG 2025-04-28 23:47:27,319 views Rendering home page for user: Naya
DEBUG 2025-04-28 23:47:28,113 views Rendering courses list: category=All, user=Naya
DEBUG 2025-04-28 23:47:29,609 views Accessing student dashboard: user=Naya, role=Student
DEBUG 2025-04-28 23:47:29,612 views Rendering student dashboard: courses=2
DEBUG 2025-04-28 23:47:31,865 views Rendering home page for user: Naya
DEBUG 2025-04-28 23:47:34,450 views Accessing student dashboard: user=Naya, role=Student
DEBUG 2025-04-28 23:47:34,456 views Rendering student dashboard: courses=2
DEBUG 2025-04-28 23:47:39,078 views Accessing student dashboard: user=Naya, role=Student
DEBUG 2025-04-28 23:47:39,082 views Rendering student dashboard: courses=2
DEBUG 2025-04-28 23:48:13,915 views Rendering home page for user: Naya
DEBUG 2025-04-28 23:55:03,944 views Rendering home page for user: Naya
DEBUG 2025-04-28 23:55:18,543 views Rendering courses list: category=All, user=Naya
DEBUG 2025-04-28 23:55:19,271 views Rendering home page for user: Naya
DEBUG 2025-04-28 23:55:20,528 views Rendering courses list: category=All, user=Naya
DEBUG 2025-04-28 23:55:21,045 views Rendering home page for user: Naya
DEBUG 2025-04-28 23:55:22,164 views Rendering courses list: category=All, user=Naya
DEBUG 2025-04-28 23:55:23,035 views Rendering home page for user: Naya
DEBUG 2025-04-28 23:55:23,680 views Rendering courses list: category=All, user=Naya
DEBUG 2025-04-28 23:55:24,287 views Rendering home page for user: Naya
DEBUG 2025-04-28 23:55:24,971 views Rendering courses list: category=All, user=Naya
DEBUG 2025-04-28 23:55:25,493 views Rendering home page for user: Naya
DEBUG 2025-04-28 23:58:42,846 views Rendering courses list: category=All, user=Naya
DEBUG 2025-04-28 23:58:45,026 views Rendering home page for user: Naya
DEBUG 2025-04-28 23:58:46,026 views Rendering courses list: category=All, user=Naya
DEBUG 2025-04-28 23:58:47,714 views Rendering home page for user: Naya
DEBUG 2025-04-29 00:00:23,744 views Rendering courses list: category=All, user=Naya
DEBUG 2025-04-29 00:00:24,085 views Rendering home page for user: Naya
DEBUG 2025-04-29 00:00:24,738 views Accessing student dashboard: user=Naya, role=Student
DEBUG 2025-04-29 00:00:24,789 views Rendering student dashboard: courses=2
DEBUG 2025-04-29 00:00:26,316 views Rendering home page for user: Naya
DEBUG 2025-04-29 00:00:27,189 views Rendering courses list: category=All, user=Naya
DEBUG 2025-04-29 00:00:31,255 views Rendering home page for user: Naya
DEBUG 2025-04-29 00:00:35,415 views Accessing student dashboard: user=Naya, role=Student
DEBUG 2025-04-29 00:00:35,419 views Rendering student dashboard: courses=2
DEBUG 2025-04-29 00:00:37,213 views Rendering home page for user: Naya
DEBUG 2025-04-29 00:00:46,300 views Rendering home page for user: Anonymous
DEBUG 2025-04-29 00:00:48,354 views Rendering home page for user: Anonymous
DEBUG 2025-04-29 00:00:51,066 views Rendering courses list: category=All, user=Anonymous
DEBUG 2025-04-29 00:00:51,859 views Rendering home page for user: Anonymous
DEBUG 2025-04-29 00:00:58,159 views Rendering home page for user: Anonymous
DEBUG 2025-04-29 00:00:59,715 views Rendering courses list: category=All, user=Anonymous
DEBUG 2025-04-29 00:01:00,708 views Rendering home page for user: Anonymous
DEBUG 2025-04-29 00:01:03,580 views Rendering courses list: category=All, user=Anonymous
DEBUG 2025-04-29 00:01:04,229 views Rendering home page for user: Anonymous
DEBUG 2025-04-29 00:01:15,611 views Rendering home page for user: Anonymous
DEBUG 2025-04-29 00:01:29,084 views Rendering courses list: category=All, user=Anonymous
DEBUG 2025-04-29 00:01:36,274 views Login attempt: form_valid=True
DEBUG 2025-04-29 00:01:36,275 views Authenticating user: Naya
INFO 2025-04-29 00:01:36,651 views User Naya logged in
DEBUG 2025-04-29 00:01:36,666 views Rendering home page for user: Naya
DEBUG 2025-04-29 00:01:40,495 views Rendering courses list: category=All, user=Naya
DEBUG 2025-04-29 00:01:41,113 views Rendering home page for user: Naya
DEBUG 2025-04-29 00:01:41,546 views Rendering courses list: category=All, user=Naya
DEBUG 2025-04-29 00:01:41,896 views Rendering home page for user: Naya
DEBUG 2025-04-29 00:01:44,888 views Rendering courses list: category=All, user=Naya
DEBUG 2025-04-29 00:01:46,302 views Rendering home page for user: Naya
DEBUG 2025-04-29 00:01:47,231 views Accessing student dashboard: user=Naya, role=Student
DEBUG 2025-04-29 00:01:47,237 views Rendering student dashboard: courses=2
DEBUG 2025-04-29 00:01:48,583 views Rendering home page for user: Naya
DEBUG 2025-04-29 00:01:49,807 views Accessing student dashboard: user=Naya, role=Student
DEBUG 2025-04-29 00:01:49,812 views Rendering student dashboard: courses=2
DEBUG 2025-04-29 00:01:50,624 views Rendering home page for user: Naya
DEBUG 2025-04-29 00:01:51,327 views Rendering courses list: category=All, user=Naya
DEBUG 2025-04-29 00:01:51,817 views Rendering home page for user: Naya
DEBUG 2025-04-29 00:01:54,240 views Rendering courses list: category=All, user=Naya
DEBUG 2025-04-29 00:01:54,762 views Rendering home page for user: Naya
DEBUG 2025-04-29 00:01:55,569 views Rendering courses list: category=All, user=Naya
DEBUG 2025-04-29 00:01:55,936 views Rendering home page for user: Naya
DEBUG 2025-04-29 00:01:58,903 views Rendering courses list: category=All, user=Naya
DEBUG 2025-04-29 00:01:59,751 views Rendering home page for user: Naya
DEBUG 2025-04-29 00:02:00,552 views Rendering courses list: category=All, user=Naya
DEBUG 2025-04-29 00:02:01,238 views Rendering home page for user: Naya
DEBUG 2025-04-29 00:02:01,649 views Rendering courses list: category=All, user=Naya
DEBUG 2025-04-29 00:02:06,101 views Rendering home page for user: Naya
DEBUG 2025-04-29 00:02:06,608 views Rendering courses list: category=All, user=Naya
DEBUG 2025-04-29 00:02:07,738 views Accessing student dashboard: user=Naya, role=Student
DEBUG 2025-04-29 00:02:07,740 views Rendering student dashboard: courses=2
DEBUG 2025-04-29 00:02:08,831 views Rendering home page for user: Naya
DEBUG 2025-04-29 00:02:09,688 views Accessing student dashboard: user=Naya, role=Student
DEBUG 2025-04-29 00:02:09,693 views Rendering student dashboard: courses=2
DEBUG 2025-04-29 00:02:11,536 views Rendering home page for user: Naya
DEBUG 2025-04-29 14:58:04,439 views Rendering home page for user: Naya
DEBUG 2025-04-29 14:58:09,437 views Accessing student dashboard: user=Naya, role=Student
DEBUG 2025-04-29 14:58:09,443 views Rendering student dashboard: courses=2
DEBUG 2025-04-29 14:58:10,494 views Rendering home page for user: Naya
DEBUG 2025-04-29 14:58:11,347 views Rendering courses list: category=All, user=Naya
DEBUG 2025-04-29 14:59:23,267 views Rendering course detail: course_id=13, user=Naya
DEBUG 2025-04-29 14:59:25,264 views Rendering course payment: course_id=13, user=Naya
DEBUG 2025-04-29 14:59:33,912 views Accessing student dashboard: user=Naya, role=Student
DEBUG 2025-04-29 14:59:33,932 views Rendering student dashboard: courses=2
DEBUG 2025-04-29 15:00:05,345 views Rendering home page for user: Naya
DEBUG 2025-04-29 15:00:06,214 views Rendering courses list: category=All, user=Naya
DEBUG 2025-04-29 15:02:45,002 views Rendering courses list: category=All, user=Naya
DEBUG 2025-04-29 15:02:45,661 views Accessing student dashboard: user=Naya, role=Student
DEBUG 2025-04-29 15:02:45,668 views Rendering student dashboard: courses=2
DEBUG 2025-04-29 15:02:47,020 views Rendering courses list: category=All, user=Naya
DEBUG 2025-04-29 15:02:47,947 views Accessing student dashboard: user=Naya, role=Student
DEBUG 2025-04-29 15:02:47,950 views Rendering student dashboard: courses=2
DEBUG 2025-04-29 15:02:49,283 views Rendering courses list: category=All, user=Naya
DEBUG 2025-04-29 15:02:50,452 views Rendering home page for user: Naya
DEBUG 2025-04-29 15:02:51,135 views Rendering courses list: category=All, user=Naya
DEBUG 2025-04-29 15:02:51,772 views Accessing student dashboard: user=Naya, role=Student
DEBUG 2025-04-29 15:02:51,777 views Rendering student dashboard: courses=2
DEBUG 2025-04-29 15:02:52,917 views Rendering home page for user: Naya
DEBUG 2025-04-29 15:02:53,747 views Rendering courses list: category=All, user=Naya
DEBUG 2025-04-29 15:02:54,673 views Accessing student dashboard: user=Naya, role=Student
DEBUG 2025-04-29 15:02:54,678 views Rendering student dashboard: courses=2
DEBUG 2025-04-29 15:02:55,780 views Rendering courses list: category=All, user=Naya
DEBUG 2025-04-29 15:02:56,861 views Accessing student dashboard: user=Naya, role=Student
DEBUG 2025-04-29 15:02:56,865 views Rendering student dashboard: courses=2
DEBUG 2025-04-29 15:02:58,323 views Rendering courses list: category=All, user=Naya
DEBUG 2025-04-29 15:02:58,851 views Rendering home page for user: Naya
DEBUG 2025-04-29 15:02:59,620 views Rendering courses list: category=All, user=Naya
DEBUG 2025-04-29 15:03:00,513 views Accessing student dashboard: user=Naya, role=Student
DEBUG 2025-04-29 15:03:00,520 views Rendering student dashboard: courses=2
DEBUG 2025-04-29 15:03:02,092 views Rendering courses list: category=All, user=Naya
DEBUG 2025-04-29 15:03:03,965 views Accessing student dashboard: user=Naya, role=Student
DEBUG 2025-04-29 15:03:03,970 views Rendering student dashboard: courses=2
DEBUG 2025-04-29 15:06:45,097 views Rendering home page for user: shesan
DEBUG 2025-04-29 15:06:51,717 views Login attempt: form_valid=True
DEBUG 2025-04-29 15:06:51,717 views Authenticating user: Naya
INFO 2025-04-29 15:06:52,287 views User Naya logged in
DEBUG 2025-04-29 15:06:52,308 views Rendering home page for user: Naya
DEBUG 2025-04-29 15:06:56,234 views Accessing student dashboard: user=Naya, role=Student
DEBUG 2025-04-29 15:06:56,239 views Rendering student dashboard: courses=2
DEBUG 2025-04-29 15:07:25,780 views Rendering home page for user: Naya
DEBUG 2025-04-29 15:07:26,579 views Rendering courses list: category=All, user=Naya
DEBUG 2025-04-29 15:07:27,302 views Rendering home page for user: Naya
DEBUG 2025-04-29 15:07:27,590 views Rendering courses list: category=All, user=Naya
DEBUG 2025-04-29 15:11:58,785 views Rendering courses list: category=All, user=Naya
DEBUG 2025-04-29 15:14:15,540 views Rendering home page for user: Naya
DEBUG 2025-04-29 15:15:00,253 views Rendering home page for user: Naya
DEBUG 2025-04-29 15:15:09,865 views Rendering home page for user: Naya
DEBUG 2025-04-29 15:15:12,765 views Rendering home page for user: Naya
DEBUG 2025-04-29 15:15:14,521 views Rendering home page for user: Naya
DEBUG 2025-04-29 15:16:47,131 views Rendering register page: form_errors=
DEBUG 2025-04-29 15:16:54,502 views Rendering courses list: category=All, user=Naya
DEBUG 2025-04-29 15:17:03,484 views Rendering home page for user: Naya
DEBUG 2025-04-29 15:17:05,554 views Rendering courses list: category=All, user=Naya
DEBUG 2025-04-29 15:17:06,147 views Rendering home page for user: Naya
DEBUG 2025-04-29 15:17:26,548 views Rendering home page for user: Naya
DEBUG 2025-04-29 15:19:33,575 views Rendering courses list: category=All, user=Naya
DEBUG 2025-04-29 15:19:34,217 views Rendering home page for user: Naya
DEBUG 2025-04-29 15:19:35,230 views Rendering courses list: category=All, user=Naya
DEBUG 2025-04-29 15:19:36,283 views Accessing student dashboard: user=Naya, role=Student
DEBUG 2025-04-29 15:19:36,304 views Rendering student dashboard: courses=2
DEBUG 2025-04-29 15:20:14,911 views Rendering register page: form_errors=
DEBUG 2025-04-29 15:20:18,085 views Rendering register page: form_errors=
DEBUG 2025-04-29 15:23:25,988 views Rendering home page for user: Naya
DEBUG 2025-04-29 15:24:03,482 views Rendering home page for user: Naya
DEBUG 2025-04-29 15:24:06,277 views Rendering home page for user: Naya
DEBUG 2025-04-29 15:24:11,213 views Accessing student dashboard: user=Naya, role=Student
DEBUG 2025-04-29 15:24:11,220 views Rendering student dashboard: courses=2
DEBUG 2025-04-29 15:24:11,799 views Rendering home page for user: Naya
DEBUG 2025-04-29 15:25:13,673 views Rendering home page for user: Naya
DEBUG 2025-04-29 15:25:14,590 views Rendering home page for user: Naya
DEBUG 2025-04-29 15:25:14,978 views Rendering home page for user: Naya
DEBUG 2025-04-29 15:25:15,134 views Rendering home page for user: Naya
DEBUG 2025-04-29 15:25:50,910 views Rendering home page for user: Naya
DEBUG 2025-04-29 15:26:39,578 views Rendering courses list: category=All, user=Naya
DEBUG 2025-04-29 15:33:06,847 views Rendering home page for user: Naya
DEBUG 2025-04-29 15:33:07,328 views Rendering courses list: category=All, user=Naya
DEBUG 2025-04-29 15:33:07,904 views Rendering home page for user: Naya
DEBUG 2025-04-29 15:33:26,897 views Rendering home page for user: Naya
DEBUG 2025-04-29 15:33:27,165 views Rendering home page for user: Naya
DEBUG 2025-04-29 15:33:27,359 views Rendering home page for user: Naya
DEBUG 2025-04-29 15:33:27,689 views Rendering home page for user: Naya
DEBUG 2025-04-29 15:33:27,895 views Rendering home page for user: Naya
DEBUG 2025-04-29 15:33:28,103 views Rendering home page for user: Naya
DEBUG 2025-04-29 15:33:39,164 views Rendering home page for user: Naya
DEBUG 2025-04-29 15:33:39,675 views Rendering home page for user: Naya
DEBUG 2025-04-29 15:33:54,295 views Rendering courses list: category=All, user=Naya
DEBUG 2025-04-29 15:34:10,441 views Rendering home page for user: Naya
DEBUG 2025-04-29 15:34:11,391 views Rendering courses list: category=All, user=Naya
DEBUG 2025-04-29 15:34:17,182 views Rendering home page for user: Naya
DEBUG 2025-04-29 15:35:26,736 views Rendering home page for user: Naya
DEBUG 2025-04-29 15:35:27,537 views Rendering home page for user: Naya
DEBUG 2025-04-29 15:35:27,831 views Rendering home page for user: Naya
DEBUG 2025-04-29 15:35:28,310 views Rendering courses list: category=All, user=Naya
DEBUG 2025-04-29 15:35:32,185 views Rendering courses list: category=All, user=Naya
DEBUG 2025-04-29 15:35:34,089 views Rendering courses list: category=All, user=Naya
DEBUG 2025-04-29 15:35:35,378 views Rendering home page for user: Naya
DEBUG 2025-04-29 15:35:35,923 views Rendering courses list: category=All, user=Naya
DEBUG 2025-04-29 15:35:38,377 views Rendering home page for user: Naya
DEBUG 2025-04-29 15:35:39,840 views Rendering courses list: category=All, user=Naya
DEBUG 2025-04-29 15:35:41,561 views Rendering home page for user: Naya
DEBUG 2025-04-29 15:35:43,714 views Rendering home page for user: Naya
DEBUG 2025-04-29 15:35:46,200 views Rendering home page for user: Naya
DEBUG 2025-04-29 15:35:52,408 views Rendering courses list: category=All, user=Naya
DEBUG 2025-04-29 15:35:54,963 views Rendering courses list: category=All, user=Naya
DEBUG 2025-04-29 15:35:56,747 views Rendering courses list: category=All, user=Naya
DEBUG 2025-04-29 15:35:59,219 views Rendering courses list: category=All, user=Naya
DEBUG 2025-04-29 15:36:00,386 views Accessing student dashboard: user=Naya, role=Student
DEBUG 2025-04-29 15:36:00,395 views Rendering student dashboard: courses=2
DEBUG 2025-04-29 15:36:02,056 views Rendering home page for user: Naya
DEBUG 2025-04-29 15:36:05,178 views Rendering courses list: category=All, user=Naya
DEBUG 2025-04-29 15:38:09,886 views Rendering courses list: category=All, user=Naya
DEBUG 2025-04-29 15:38:11,102 views Rendering courses list: category=All, user=Naya
DEBUG 2025-04-29 15:38:11,739 views Rendering courses list: category=All, user=Naya
DEBUG 2025-04-29 15:39:03,877 views Rendering home page for user: Naya
DEBUG 2025-04-29 15:39:04,321 views Rendering courses list: category=All, user=Naya
DEBUG 2025-04-29 15:39:06,159 views Accessing student dashboard: user=Naya, role=Student
DEBUG 2025-04-29 15:39:06,163 views Rendering student dashboard: courses=2
DEBUG 2025-04-29 15:41:23,978 views Rendering home page for user: Naya
DEBUG 2025-04-29 15:41:24,763 views Accessing student dashboard: user=Naya, role=Student
DEBUG 2025-04-29 15:41:24,768 views Rendering student dashboard: courses=2
DEBUG 2025-04-29 15:41:26,273 views Rendering home page for user: Naya
DEBUG 2025-04-29 15:42:08,074 views Rendering courses list: category=All, user=Naya
DEBUG 2025-04-29 15:42:11,749 views Rendering courses list: category=All, user=Naya
DEBUG 2025-04-29 15:42:13,303 views Rendering home page for user: Naya
DEBUG 2025-04-29 15:42:14,589 views Rendering courses list: category=All, user=Naya
DEBUG 2025-04-29 15:46:09,881 views Rendering home page for user: shesan
DEBUG 2025-04-29 15:46:12,464 views Rendering courses list: category=All, user=shesan
DEBUG 2025-04-29 15:46:20,550 views Rendering home page for user: shesan
DEBUG 2025-04-29 15:51:58,508 views Rendering home page for user: shesan
DEBUG 2025-04-29 15:52:59,252 views Rendering home page for user: shesan
DEBUG 2025-04-29 15:53:13,705 views Rendering home page for user: shesan
DEBUG 2025-04-29 15:53:42,172 views Login attempt: form_valid=True
DEBUG 2025-04-29 15:53:42,173 views Authenticating user: Mister
INFO 2025-04-29 15:53:42,533 views User Mister logged in
DEBUG 2025-04-29 15:53:42,550 views Rendering home page for user: Mister
DEBUG 2025-04-29 15:57:48,411 views Rendering home page for user: shesan
DEBUG 2025-04-29 15:59:20,095 views Rendering home page for user: shesan
DEBUG 2025-04-29 16:01:57,532 views Rendering home page for user: Anonymous
DEBUG 2025-04-29 16:02:01,272 views Rendering home page for user: Anonymous
DEBUG 2025-04-29 16:02:01,994 views Rendering courses list: category=All, user=Anonymous
DEBUG 2025-04-29 16:02:04,306 views Rendering home page for user: Anonymous
DEBUG 2025-04-29 16:02:09,744 views Login attempt: form_valid=True
DEBUG 2025-04-29 16:02:09,744 views Authenticating user: Naya
INFO 2025-04-29 16:02:10,205 views User Naya logged in
DEBUG 2025-04-29 16:02:10,208 views Rendering home page for user: Naya
DEBUG 2025-04-29 16:02:12,303 views Accessing student dashboard: user=Naya, role=Student
DEBUG 2025-04-29 16:02:12,312 views Rendering student dashboard: courses=2
DEBUG 2025-04-29 16:02:17,844 views Rendering home page for user: Naya
DEBUG 2025-04-29 16:35:18,067 views Rendering home page for user: Naya
DEBUG 2025-04-29 16:35:20,002 views Accessing student dashboard: user=Naya, role=Student
DEBUG 2025-04-29 16:35:20,006 views Rendering student dashboard: courses=2
DEBUG 2025-04-29 16:35:26,124 views Accessing student dashboard: user=Naya, role=Student
DEBUG 2025-04-29 16:35:26,128 views Rendering student dashboard: courses=2
DEBUG 2025-04-29 16:35:27,681 views Accessing student dashboard: user=Naya, role=Student
DEBUG 2025-04-29 16:35:27,685 views Rendering student dashboard: courses=2
DEBUG 2025-04-29 16:53:04,362 views Rendering home page for user: shesan
DEBUG 2025-04-29 16:53:05,492 views Rendering courses list: category=All, user=shesan
DEBUG 2025-04-29 16:53:07,022 views Rendering course detail: course_id=13, user=shesan
DEBUG 2025-04-29 16:53:13,204 views Rendering course payment: course_id=13, user=shesan
DEBUG 2025-04-29 16:53:15,484 views Initiating payment: user=shesan, course=Eastern Vocals, level=Foundation
WARNING 2025-04-29 16:53:15,486 views User shesan already paid for Eastern Vocals - Foundation
DEBUG 2025-04-29 16:53:18,920 views Initiating payment: user=shesan, course=Eastern Vocals, level=Foundation
WARNING 2025-04-29 16:53:18,922 views User shesan already paid for Eastern Vocals - Foundation
DEBUG 2025-04-29 16:53:20,505 views Rendering home page for user: shesan
DEBUG 2025-04-29 16:53:22,097 views Rendering courses list: category=All, user=shesan
DEBUG 2025-04-29 16:53:27,077 views Rendering home page for user: shesan
DEBUG 2025-04-29 16:53:29,337 views Rendering courses list: category=All, user=shesan
DEBUG 2025-04-29 16:53:35,954 views Login attempt: form_valid=True
DEBUG 2025-04-29 16:53:35,954 views Authenticating user: Naya
INFO 2025-04-29 16:53:36,339 views User Naya logged in
DEBUG 2025-04-29 16:53:36,356 views Rendering home page for user: Naya
DEBUG 2025-04-29 16:53:38,627 views Rendering courses list: category=All, user=Naya
DEBUG 2025-04-29 16:53:39,852 views Rendering home page for user: Naya
DEBUG 2025-04-29 16:53:40,276 views Rendering courses list: category=All, user=Naya
DEBUG 2025-04-29 16:53:40,962 views Accessing student dashboard: user=Naya, role=Student
DEBUG 2025-04-29 16:53:40,968 views Rendering student dashboard: courses=2
DEBUG 2025-04-29 16:53:47,852 views Accessing course content: course_id=13, user=Naya, role=Student
INFO 2025-04-29 16:53:47,866 views Updated progress for Naya in Eastern Vocals: 100.0%
DEBUG 2025-04-29 16:53:47,866 views Rendering course content: course=Eastern Vocals, contents=1
DEBUG 2025-04-29 16:54:03,574 views Rendering courses list: category=All, user=Naya
DEBUG 2025-04-29 16:54:05,980 views Rendering course detail: course_id=15, user=Naya
DEBUG 2025-04-29 16:54:48,148 views Rendering courses list: category=All, user=shesan
DEBUG 2025-04-29 16:54:49,124 views Rendering course detail: course_id=15, user=shesan
DEBUG 2025-04-29 16:54:50,206 views Rendering course payment: course_id=15, user=shesan
DEBUG 2025-04-29 16:54:55,897 views Initiating payment: user=shesan, course=Drum Class, level=Foundation
INFO 2025-04-29 16:54:55,905 views Created payment: ID=68, user=shesan
DEBUG 2025-04-29 16:54:56,330 views Khalti API response: status=200, body={"pidx":"VSmTDiRyTj8EanvJffMMwj","payment_url":"https://test-pay.khalti.com/?pidx=VSmTDiRyTj8EanvJffMMwj","expires_at":"2025-04-29T17:24:55.966655+05:45","expires_in":1800}
INFO 2025-04-29 16:54:56,346 views Payment initiated: pidx=VSmTDiRyTj8EanvJffMMwj
DEBUG 2025-04-29 16:55:24,723 views Payment success called: GET=<QueryDict: {'payment_id': ['68'], 'pidx': ['VSmTDiRyTj8EanvJffMMwj'], 'transaction_id': ['FpXwfLJDZaa95SAUN8zdWP'], 'tidx': ['FpXwfLJDZaa95SAUN8zdWP'], 'txnId': ['FpXwfLJDZaa95SAUN8zdWP'], 'amount': ['500'], 'total_amount': ['500'], 'mobile': ['98XXXXX001'], 'status': ['Completed'], 'purchase_order_id': ['731092dc-7227-4f76-9dd3-c546c1576d53'], 'purchase_order_name': ['Drum Class - Foundation']}>, user=Naya
INFO 2025-04-29 16:55:24,725 views Found payment: ID=68, user=shesan, pidx=VSmTDiRyTj8EanvJffMMwj, status=Initiated
DEBUG 2025-04-29 16:55:24,729 views Enrolling user shesan in course Drum Class
INFO 2025-04-29 16:55:24,735 views User shesan enrolled in course Drum Class
INFO 2025-04-29 16:55:24,741 views Created Profile for user shesan
INFO 2025-04-29 16:55:24,746 views Payment 68 completed, redirecting to success page
DEBUG 2025-04-29 16:55:24,762 views Accessing payment_success_page: payment_id=68, user=Naya
INFO 2025-04-29 16:55:24,764 views Payment details: ID=68, user=shesan, course=Drum Class, status=Completed
DEBUG 2025-04-29 16:55:24,765 views Checking user payment status: user=Naya, has_completed_payment=True
INFO 2025-04-29 16:55:24,766 views Rendering payment_success.html for payment 68 by user Naya
DEBUG 2025-04-29 16:55:32,440 views Accessing course content: course_id=15, user=Naya, role=Student
WARNING 2025-04-29 16:55:32,442 views Redirecting: No completed payment for user Naya in course Drum Class
DEBUG 2025-04-29 16:55:32,452 views Accessing student dashboard: user=Naya, role=Student
DEBUG 2025-04-29 16:55:32,454 views Rendering student dashboard: courses=2
DEBUG 2025-04-29 16:55:34,048 views Accessing payment_success_page: payment_id=68, user=Naya
INFO 2025-04-29 16:55:34,050 views Payment details: ID=68, user=shesan, course=Drum Class, status=Completed
DEBUG 2025-04-29 16:55:34,051 views Checking user payment status: user=Naya, has_completed_payment=True
INFO 2025-04-29 16:55:34,052 views Rendering payment_success.html for payment 68 by user Naya
DEBUG 2025-04-29 16:55:35,284 views Accessing student dashboard: user=Naya, role=Student
DEBUG 2025-04-29 16:55:35,288 views Rendering student dashboard: courses=2
DEBUG 2025-04-29 16:55:37,201 views Accessing payment_success_page: payment_id=68, user=Naya
INFO 2025-04-29 16:55:37,202 views Payment details: ID=68, user=shesan, course=Drum Class, status=Completed
DEBUG 2025-04-29 16:55:37,203 views Checking user payment status: user=Naya, has_completed_payment=True
INFO 2025-04-29 16:55:37,204 views Rendering payment_success.html for payment 68 by user Naya
DEBUG 2025-04-29 16:55:39,729 views Rendering register page: form_errors=
INFO 2025-04-29 16:55:53,068 views User Mandu registered with role student
DEBUG 2025-04-29 16:55:53,082 views Rendering home page for user: Mandu
DEBUG 2025-04-29 16:55:56,844 views Rendering courses list: category=All, user=Mandu
DEBUG 2025-04-29 16:55:58,746 views Rendering course detail: course_id=14, user=Mandu
DEBUG 2025-04-29 16:56:00,986 views Rendering course payment: course_id=14, user=Mandu
DEBUG 2025-04-29 16:56:02,851 views Initiating payment: user=Mandu, course=Western Vocals, level=Foundation
INFO 2025-04-29 16:56:02,857 views Created payment: ID=69, user=Mandu
DEBUG 2025-04-29 16:56:03,255 views Khalti API response: status=200, body={"pidx":"bZRvTPAWgHkTZWjCzya6FD","payment_url":"https://test-pay.khalti.com/?pidx=bZRvTPAWgHkTZWjCzya6FD","expires_at":"2025-04-29T17:26:02.868400+05:45","expires_in":1800}
INFO 2025-04-29 16:56:03,259 views Payment initiated: pidx=bZRvTPAWgHkTZWjCzya6FD
DEBUG 2025-04-29 16:56:18,969 views Payment success called: GET=<QueryDict: {'payment_id': ['69'], 'pidx': ['bZRvTPAWgHkTZWjCzya6FD'], 'transaction_id': ['SAEJ6g44ksu5VzEvwGhsQC'], 'tidx': ['SAEJ6g44ksu5VzEvwGhsQC'], 'txnId': ['SAEJ6g44ksu5VzEvwGhsQC'], 'amount': ['100'], 'total_amount': ['100'], 'mobile': ['98XXXXX001'], 'status': ['Completed'], 'purchase_order_id': ['7328a433-7a5d-4dc7-8701-c4b58cb0a8f1'], 'purchase_order_name': ['Western Vocals - Foundation']}>, user=Mandu
INFO 2025-04-29 16:56:18,971 views Found payment: ID=69, user=Mandu, pidx=bZRvTPAWgHkTZWjCzya6FD, status=Initiated
DEBUG 2025-04-29 16:56:18,977 views Enrolling user Mandu in course Western Vocals
INFO 2025-04-29 16:56:18,983 views User Mandu enrolled in course Western Vocals
INFO 2025-04-29 16:56:18,988 views Updated user Mandu's role to Student
INFO 2025-04-29 16:56:18,993 views Payment 69 completed, redirecting to success page
DEBUG 2025-04-29 16:56:19,013 views Accessing payment_success_page: payment_id=69, user=Mandu
INFO 2025-04-29 16:56:19,016 views Payment details: ID=69, user=Mandu, course=Western Vocals, status=Completed
DEBUG 2025-04-29 16:56:19,017 views Checking user payment status: user=Mandu, has_completed_payment=True
INFO 2025-04-29 16:56:19,017 views Rendering payment_success.html for payment 69 by user Mandu
DEBUG 2025-04-29 16:57:03,473 views Rendering home page for user: Mandu
DEBUG 2025-04-29 16:57:04,353 views Accessing student dashboard: user=Mandu, role=Student
DEBUG 2025-04-29 16:57:04,356 views Rendering student dashboard: courses=1
DEBUG 2025-04-29 16:59:16,529 views Accessing payment_success_page: payment_id=69, user=Mandu
INFO 2025-04-29 16:59:16,545 views Payment details: ID=69, user=Mandu, course=Western Vocals, status=Completed
DEBUG 2025-04-29 16:59:16,545 views Checking user payment status: user=Mandu, has_completed_payment=True
INFO 2025-04-29 16:59:16,545 views Rendering payment_success.html for payment 69 by user Mandu
DEBUG 2025-04-29 17:02:00,028 views Accessing payment_success_page: payment_id=69, user=Mandu
INFO 2025-04-29 17:02:00,030 views Payment details: ID=69, user=Mandu, course=Western Vocals, status=Completed
DEBUG 2025-04-29 17:02:00,030 views Checking user payment status: user=Mandu, has_completed_payment=True
INFO 2025-04-29 17:02:00,031 views Rendering payment_success.html for payment 69 by user Mandu
DEBUG 2025-04-29 17:02:03,378 views Rendering home page for user: Mandu
DEBUG 2025-04-29 18:32:17,126 views Rendering courses list: category=All, user=Mandu
DEBUG 2025-04-29 18:32:19,049 views Rendering course detail: course_id=13, user=Mandu
DEBUG 2025-04-29 18:32:22,977 views Rendering course payment: course_id=13, user=Mandu
DEBUG 2025-04-29 18:32:25,619 views Initiating payment: user=Mandu, course=Eastern Vocals, level=Advanced
INFO 2025-04-29 18:32:25,648 views Created payment: ID=70, user=Mandu
DEBUG 2025-04-29 18:32:26,178 views Khalti API response: status=200, body={"pidx":"jShWYthLdrWoahSY9kMNTR","payment_url":"https://test-pay.khalti.com/?pidx=jShWYthLdrWoahSY9kMNTR","expires_at":"2025-04-29T19:02:25.629008+05:45","expires_in":1800}
INFO 2025-04-29 18:32:26,186 views Payment initiated: pidx=jShWYthLdrWoahSY9kMNTR
DEBUG 2025-04-29 23:39:17,409 views Rendering home page for user: shesan
DEBUG 2025-04-29 23:39:18,426 views Rendering courses list: category=All, user=shesan
DEBUG 2025-04-29 23:50:54,377 views Accessing student dashboard: user=shesan, role=Student
DEBUG 2025-04-29 23:50:54,421 views Rendering student dashboard: courses=2
DEBUG 2025-04-29 23:50:58,900 views Accessing student dashboard: user=shesan, role=Student
DEBUG 2025-04-29 23:50:58,906 views Rendering student dashboard: courses=2
DEBUG 2025-04-29 23:51:25,960 views Login attempt: form_valid=True
DEBUG 2025-04-29 23:51:25,961 views Authenticating user: Naya
INFO 2025-04-29 23:51:26,342 views User Naya logged in
DEBUG 2025-04-29 23:51:26,379 views Rendering home page for user: Naya
DEBUG 2025-04-29 23:51:28,109 views Accessing student dashboard: user=Naya, role=Student
DEBUG 2025-04-29 23:51:28,116 views Rendering student dashboard: courses=2
DEBUG 2025-04-29 23:54:15,092 views Rendering register page: form_errors=
DEBUG 2025-04-29 23:56:16,742 views Accessing student dashboard: user=Naya, role=Student
DEBUG 2025-04-29 23:56:16,763 views Rendering student dashboard: courses=2
DEBUG 2025-04-29 23:56:17,428 views Accessing student dashboard: user=Naya, role=Student
DEBUG 2025-04-29 23:56:17,432 views Rendering student dashboard: courses=2
DEBUG 2025-04-30 00:01:04,147 views Accessing student dashboard: user=Naya, role=Student
DEBUG 2025-04-30 00:01:04,186 views Rendering student dashboard: courses=2
DEBUG 2025-04-30 00:01:41,254 views Rendering courses list: category=All, user=Naya
DEBUG 2025-04-30 00:01:42,784 views Rendering course detail: course_id=14, user=Naya
DEBUG 2025-04-30 00:02:59,629 views Rendering course payment: course_id=14, user=Naya
DEBUG 2025-04-30 00:06:09,644 views Rendering course payment: course_id=14, user=Naya
DEBUG 2025-04-30 00:07:16,943 views Rendering courses list: category=All, user=Naya
DEBUG 2025-04-30 01:45:02,164 views Rendering register page: form_errors=
DEBUG 2025-04-30 01:45:05,946 views Rendering register page: form_errors=
DEBUG 2025-04-30 01:45:11,409 views Rendering courses list: category=All, user=Naya
DEBUG 2025-04-30 01:45:11,906 views Rendering home page for user: Naya
DEBUG 2025-04-30 01:45:12,439 views Rendering courses list: category=All, user=Naya
DEBUG 2025-04-30 01:45:18,214 views Accessing student dashboard: user=Naya, role=Student
DEBUG 2025-04-30 01:45:18,250 views Rendering student dashboard: courses=2
DEBUG 2025-04-30 01:45:20,386 views Accessing student dashboard: user=Naya, role=Student
DEBUG 2025-04-30 01:45:20,393 views Rendering student dashboard: courses=2
DEBUG 2025-04-30 01:45:21,729 views Accessing student dashboard: user=Naya, role=Student
DEBUG 2025-04-30 01:45:21,735 views Rendering student dashboard: courses=2
DEBUG 2025-04-30 01:45:23,882 views Rendering home page for user: Naya
DEBUG 2025-04-30 01:45:24,729 views Rendering courses list: category=All, user=Naya
DEBUG 2025-04-30 01:45:42,284 views Rendering home page for user: Naya
DEBUG 2025-04-30 02:00:41,868 views Rendering home page for user: Naya
DEBUG 2025-04-30 02:11:24,185 views Rendering home page for user: Naya
DEBUG 2025-04-30 02:20:30,633 views Rendering courses list: category=All, user=shesan
DEBUG 2025-04-30 02:20:38,378 views Rendering courses list: category=All, user=shesan
DEBUG 2025-04-30 02:20:38,784 views Rendering home page for user: shesan
DEBUG 2025-04-30 02:20:41,489 views Rendering courses list: category=All, user=shesan
DEBUG 2025-04-30 02:20:49,722 views Accessing student dashboard: user=shesan, role=Student
DEBUG 2025-04-30 02:20:49,753 views Rendering student dashboard: courses=2
DEBUG 2025-04-30 02:21:37,882 views Accessing student dashboard: user=shesan, role=Student
DEBUG 2025-04-30 02:21:37,893 views Rendering student dashboard: courses=2
DEBUG 2025-04-30 02:34:11,012 views Rendering home page for user: shesan
DEBUG 2025-04-30 02:34:14,530 views Rendering courses list: category=All, user=shesan
DEBUG 2025-04-30 02:34:16,881 views Accessing student dashboard: user=shesan, role=Student
DEBUG 2025-04-30 02:34:16,895 views Rendering student dashboard: courses=2
DEBUG 2025-04-30 02:34:32,612 views Login attempt: form_valid=True
DEBUG 2025-04-30 02:34:32,612 views Authenticating user: Mister
INFO 2025-04-30 02:34:33,127 views User Mister logged in
DEBUG 2025-04-30 02:34:33,150 views Rendering home page for user: Mister
DEBUG 2025-04-30 02:34:34,346 views Accessing teacher dashboard: user=Mister
DEBUG 2025-04-30 02:34:34,373 views Rendering teacher dashboard: courses=2
DEBUG 2025-04-30 02:35:02,717 views Accessing teacher dashboard: user=Mister
INFO 2025-04-30 02:35:02,763 views Assignment New Assignment 1 added to Western Vocals by Mister
DEBUG 2025-04-30 02:35:02,774 views Accessing teacher dashboard: user=Mister
DEBUG 2025-04-30 02:35:02,790 views Rendering teacher dashboard: courses=2
DEBUG 2025-04-30 02:35:24,167 views Accessing teacher dashboard: user=Mister
DEBUG 2025-04-30 02:35:24,182 views Rendering teacher dashboard: courses=2
DEBUG 2025-04-30 02:35:31,737 views Login attempt: form_valid=True
DEBUG 2025-04-30 02:35:31,738 views Authenticating user: Naya
INFO 2025-04-30 02:35:32,119 views User Naya logged in
DEBUG 2025-04-30 02:35:32,137 views Rendering home page for user: Naya
DEBUG 2025-04-30 02:35:33,435 views Accessing student dashboard: user=Naya, role=Student
DEBUG 2025-04-30 02:35:33,466 views Rendering student dashboard: courses=2
DEBUG 2025-04-30 02:35:55,704 views Accessing course content: course_id=13, user=Naya, role=Student
DEBUG 2025-04-30 02:35:55,712 views Rendering course content: course=Eastern Vocals, contents=1
DEBUG 2025-04-30 02:35:59,931 views Accessing course content: course_id=14, user=Naya, role=Student
DEBUG 2025-04-30 02:35:59,935 views Rendering course content: course=Western Vocals, contents=1
DEBUG 2025-04-30 02:40:35,598 views Accessing student dashboard: user=Naya, role=Student
DEBUG 2025-04-30 02:40:35,610 views Rendering student dashboard: courses=2
DEBUG 2025-04-30 02:43:07,765 views Accessing student dashboard: user=Naya, role=Student
DEBUG 2025-04-30 02:43:07,779 views Rendering student dashboard: courses=2, course_assignments=[{'course': <Course: Western Vocals>, 'assignments': [{'assignment': <Assignment: New Assignment 1>, 'submission': <AssignmentSubmission: Naya - New Assignment 1 - Not Started>}]}, {'course': <Course: Eastern Vocals>, 'assignments': [{'assignment': <Assignment: Naya Course ho yesari padhnu>, 'submission': <AssignmentSubmission: Naya - Naya Course ho yesari padhnu - Not Started>}]}]
DEBUG 2025-04-30 02:43:28,937 views Accessing student dashboard: user=Naya, role=Student
DEBUG 2025-04-30 02:43:28,954 views Rendering student dashboard: courses=2, course_assignments=[{'course': <Course: Western Vocals>, 'assignments': [{'assignment': <Assignment: New Assignment 1>, 'submission': <AssignmentSubmission: Naya - New Assignment 1 - Submitted>}]}, {'course': <Course: Eastern Vocals>, 'assignments': [{'assignment': <Assignment: Naya Course ho yesari padhnu>, 'submission': <AssignmentSubmission: Naya - Naya Course ho yesari padhnu - Not Started>}]}]
WARNING 2025-04-30 02:49:58,778 views Cannot create notification: No teacher assigned to course Eastern Vocals
DEBUG 2025-04-30 02:49:58,810 views Accessing student dashboard: user=Naya, role=Student
DEBUG 2025-04-30 02:49:58,824 views Rendering student dashboard: courses=2, course_assignments=[{'course': <Course: Western Vocals>, 'assignments': [{'assignment': <Assignment: New Assignment 1>, 'submission': <AssignmentSubmission: Naya - New Assignment 1 - Submitted>}]}, {'course': <Course: Eastern Vocals>, 'assignments': [{'assignment': <Assignment: Naya Course ho yesari padhnu>, 'submission': <AssignmentSubmission: Naya - Naya Course ho yesari padhnu - Completed>}]}]
DEBUG 2025-04-30 02:50:27,716 views Login attempt: form_valid=True
DEBUG 2025-04-30 02:50:27,717 views Authenticating user: Mister
INFO 2025-04-30 02:50:28,156 views User Mister logged in
DEBUG 2025-04-30 02:50:28,175 views Rendering home page for user: Mister
DEBUG 2025-04-30 02:50:29,200 views Accessing teacher dashboard: user=Mister
DEBUG 2025-04-30 02:50:29,221 views Rendering teacher dashboard: courses=2
DEBUG 2025-04-30 02:53:11,661 views Accessing teacher dashboard: user=Mister
DEBUG 2025-04-30 02:53:11,686 views Rendering teacher dashboard: courses=2
DEBUG 2025-04-30 02:53:15,324 views Accessing teacher dashboard: user=Mister
DEBUG 2025-04-30 02:53:15,338 views Rendering teacher dashboard: courses=2
DEBUG 2025-04-30 02:53:16,876 views Rendering home page for user: Mister
DEBUG 2025-04-30 02:53:17,726 views Rendering courses list: category=All, user=Mister
DEBUG 2025-04-30 02:53:19,701 views Accessing teacher dashboard: user=Mister
DEBUG 2025-04-30 02:53:19,720 views Rendering teacher dashboard: courses=2
DEBUG 2025-04-30 02:53:23,565 views Rendering home page for user: Mister
DEBUG 2025-04-30 02:53:24,388 views Accessing teacher dashboard: user=Mister
DEBUG 2025-04-30 02:53:24,406 views Rendering teacher dashboard: courses=2
DEBUG 2025-04-30 02:53:25,420 views Rendering home page for user: Mister
DEBUG 2025-04-30 02:53:26,293 views Accessing teacher dashboard: user=Mister
DEBUG 2025-04-30 02:53:26,310 views Rendering teacher dashboard: courses=2
DEBUG 2025-04-30 02:53:28,427 views Accessing teacher dashboard: user=Mister
DEBUG 2025-04-30 02:53:28,442 views Rendering teacher dashboard: courses=2
DEBUG 2025-04-30 02:53:31,315 views Accessing teacher dashboard: user=Mister
DEBUG 2025-04-30 02:53:31,330 views Rendering teacher dashboard: courses=2
DEBUG 2025-04-30 02:56:48,350 views Accessing teacher dashboard: user=Mister
DEBUG 2025-04-30 02:56:48,377 views Rendering teacher dashboard: courses=2
DEBUG 2025-04-30 02:56:51,059 views Accessing teacher dashboard: user=Mister
DEBUG 2025-04-30 02:56:51,073 views Rendering teacher dashboard: courses=2
DEBUG 2025-04-30 02:58:17,111 views Accessing teacher dashboard: user=Mister
DEBUG 2025-04-30 02:58:17,125 views Rendering teacher dashboard: courses=2
DEBUG 2025-04-30 02:58:23,126 views Accessing teacher dashboard: user=Mister
DEBUG 2025-04-30 02:58:23,144 views Rendering teacher dashboard: courses=2
DEBUG 2025-04-30 02:58:24,421 views Rendering home page for user: Mister
DEBUG 2025-04-30 02:58:25,532 views Accessing teacher dashboard: user=Mister
DEBUG 2025-04-30 02:58:25,545 views Rendering teacher dashboard: courses=2
DEBUG 2025-04-30 02:58:26,843 views Rendering home page for user: Mister
DEBUG 2025-04-30 02:58:27,963 views Accessing teacher dashboard: user=Mister
DEBUG 2025-04-30 02:58:27,981 views Rendering teacher dashboard: courses=2
DEBUG 2025-04-30 02:59:02,812 views Login attempt: form_valid=True
DEBUG 2025-04-30 02:59:02,812 views Authenticating user: Bibash
INFO 2025-04-30 02:59:03,330 views User Bibash logged in
DEBUG 2025-04-30 02:59:03,349 views Rendering home page for user: Bibash
DEBUG 2025-04-30 02:59:04,432 views Accessing student dashboard: user=Bibash, role=Student
DEBUG 2025-04-30 02:59:04,472 views Rendering student dashboard: courses=3, course_assignments=[{'course': <Course: Eastern Vocals>, 'assignments': [{'assignment': <Assignment: Naya Course ho yesari padhnu>, 'submission': <AssignmentSubmission: Bibash - Naya Course ho yesari padhnu - Not Started>}]}, {'course': <Course: Western Vocals>, 'assignments': [{'assignment': <Assignment: New Assignment 1>, 'submission': <AssignmentSubmission: Bibash - New Assignment 1 - Not Started>}]}, {'course': <Course: Western Vocals>, 'assignments': [{'assignment': <Assignment: New Assignment 1>, 'submission': <AssignmentSubmission: Bibash - New Assignment 1 - Not Started>}]}]
INFO 2025-04-30 02:59:22,308 views User Bibash updated profile
DEBUG 2025-04-30 02:59:22,320 views Accessing student dashboard: user=Bibash, role=Student
DEBUG 2025-04-30 02:59:22,334 views Rendering student dashboard: courses=3, course_assignments=[{'course': <Course: Eastern Vocals>, 'assignments': [{'assignment': <Assignment: Naya Course ho yesari padhnu>, 'submission': <AssignmentSubmission: Bibash - Naya Course ho yesari padhnu - Not Started>}]}, {'course': <Course: Western Vocals>, 'assignments': [{'assignment': <Assignment: New Assignment 1>, 'submission': <AssignmentSubmission: Bibash - New Assignment 1 - Not Started>}]}, {'course': <Course: Western Vocals>, 'assignments': [{'assignment': <Assignment: New Assignment 1>, 'submission': <AssignmentSubmission: Bibash - New Assignment 1 - Not Started>}]}]
DEBUG 2025-04-30 03:00:19,744 views Rendering home page for user: Bibash
DEBUG 2025-04-30 03:00:22,201 views Accessing student dashboard: user=Bibash, role=Student
DEBUG 2025-04-30 03:00:22,214 views Rendering student dashboard: courses=3, course_assignments=[{'course': <Course: Eastern Vocals>, 'assignments': [{'assignment': <Assignment: Naya Course ho yesari padhnu>, 'submission': <AssignmentSubmission: Bibash - Naya Course ho yesari padhnu - Not Started>}]}, {'course': <Course: Western Vocals>, 'assignments': [{'assignment': <Assignment: New Assignment 1>, 'submission': <AssignmentSubmission: Bibash - New Assignment 1 - Not Started>}]}, {'course': <Course: Western Vocals>, 'assignments': [{'assignment': <Assignment: New Assignment 1>, 'submission': <AssignmentSubmission: Bibash - New Assignment 1 - Not Started>}]}]
DEBUG 2025-04-30 03:00:23,463 views Accessing student dashboard: user=Bibash, role=Student
DEBUG 2025-04-30 03:00:23,474 views Rendering student dashboard: courses=3, course_assignments=[{'course': <Course: Eastern Vocals>, 'assignments': [{'assignment': <Assignment: Naya Course ho yesari padhnu>, 'submission': <AssignmentSubmission: Bibash - Naya Course ho yesari padhnu - Not Started>}]}, {'course': <Course: Western Vocals>, 'assignments': [{'assignment': <Assignment: New Assignment 1>, 'submission': <AssignmentSubmission: Bibash - New Assignment 1 - Not Started>}]}, {'course': <Course: Western Vocals>, 'assignments': [{'assignment': <Assignment: New Assignment 1>, 'submission': <AssignmentSubmission: Bibash - New Assignment 1 - Not Started>}]}]
DEBUG 2025-04-30 03:07:09,284 views Rendering home page for user: Bibash
DEBUG 2025-04-30 03:07:13,638 views Accessing student dashboard: user=Bibash, role=Student
DEBUG 2025-04-30 03:07:13,655 views Rendering student dashboard: courses=3, course_assignments=[{'course': <Course: Eastern Vocals>, 'assignments': [{'assignment': <Assignment: Naya Course ho yesari padhnu>, 'submission': <AssignmentSubmission: Bibash - Naya Course ho yesari padhnu - Not Started>}]}, {'course': <Course: Western Vocals>, 'assignments': [{'assignment': <Assignment: New Assignment 1>, 'submission': <AssignmentSubmission: Bibash - New Assignment 1 - Not Started>}]}, {'course': <Course: Western Vocals>, 'assignments': [{'assignment': <Assignment: New Assignment 1>, 'submission': <AssignmentSubmission: Bibash - New Assignment 1 - Not Started>}]}]
DEBUG 2025-04-30 03:07:27,962 views Accessing student dashboard: user=Bibash, role=Student
DEBUG 2025-04-30 03:07:27,977 views Rendering student dashboard: courses=3, course_assignments=[{'course': <Course: Eastern Vocals>, 'assignments': [{'assignment': <Assignment: Naya Course ho yesari padhnu>, 'submission': <AssignmentSubmission: Bibash - Naya Course ho yesari padhnu - Not Started>}]}, {'course': <Course: Western Vocals>, 'assignments': [{'assignment': <Assignment: New Assignment 1>, 'submission': <AssignmentSubmission: Bibash - New Assignment 1 - Not Started>}]}, {'course': <Course: Western Vocals>, 'assignments': [{'assignment': <Assignment: New Assignment 1>, 'submission': <AssignmentSubmission: Bibash - New Assignment 1 - Not Started>}]}]
DEBUG 2025-04-30 03:13:16,612 views Accessing student dashboard: user=Bibash, role=Student
DEBUG 2025-04-30 03:13:16,629 views Rendering student dashboard: courses=3, course_assignments=[{'course': <Course: Eastern Vocals>, 'assignments': [{'assignment': <Assignment: Naya Course ho yesari padhnu>, 'submission': <AssignmentSubmission: Bibash - Naya Course ho yesari padhnu - Not Started>}]}, {'course': <Course: Western Vocals>, 'assignments': [{'assignment': <Assignment: New Assignment 1>, 'submission': <AssignmentSubmission: Bibash - New Assignment 1 - Not Started>}]}, {'course': <Course: Western Vocals>, 'assignments': [{'assignment': <Assignment: New Assignment 1>, 'submission': <AssignmentSubmission: Bibash - New Assignment 1 - Not Started>}]}]
DEBUG 2025-04-30 03:13:23,299 views Accessing student dashboard: user=Bibashh, role=Student
DEBUG 2025-04-30 03:13:23,316 views Rendering student dashboard: courses=3, course_assignments=[{'course': <Course: Eastern Vocals>, 'assignments': [{'assignment': <Assignment: Naya Course ho yesari padhnu>, 'submission': <AssignmentSubmission: Bibashh - Naya Course ho yesari padhnu - Not Started>}]}, {'course': <Course: Western Vocals>, 'assignments': [{'assignment': <Assignment: New Assignment 1>, 'submission': <AssignmentSubmission: Bibashh - New Assignment 1 - Not Started>}]}, {'course': <Course: Western Vocals>, 'assignments': [{'assignment': <Assignment: New Assignment 1>, 'submission': <AssignmentSubmission: Bibashh - New Assignment 1 - Not Started>}]}]
DEBUG 2025-04-30 03:13:28,991 views Accessing student dashboard: user=Bibash, role=Student
DEBUG 2025-04-30 03:13:29,018 views Rendering student dashboard: courses=3, course_assignments=[{'course': <Course: Eastern Vocals>, 'assignments': [{'assignment': <Assignment: Naya Course ho yesari padhnu>, 'submission': <AssignmentSubmission: Bibash - Naya Course ho yesari padhnu - Not Started>}]}, {'course': <Course: Western Vocals>, 'assignments': [{'assignment': <Assignment: New Assignment 1>, 'submission': <AssignmentSubmission: Bibash - New Assignment 1 - Not Started>}]}, {'course': <Course: Western Vocals>, 'assignments': [{'assignment': <Assignment: New Assignment 1>, 'submission': <AssignmentSubmission: Bibash - New Assignment 1 - Not Started>}]}]
DEBUG 2025-04-30 03:18:32,092 views Accessing student dashboard: user=Bibash, role=Student
DEBUG 2025-04-30 03:18:32,110 views Rendering student dashboard: courses=3, course_assignments=[{'course': <Course: Eastern Vocals>, 'assignments': [{'assignment': <Assignment: Naya Course ho yesari padhnu>, 'submission': <AssignmentSubmission: Bibash - Naya Course ho yesari padhnu - Not Started>}]}, {'course': <Course: Western Vocals>, 'assignments': [{'assignment': <Assignment: New Assignment 1>, 'submission': <AssignmentSubmission: Bibash - New Assignment 1 - Not Started>}]}, {'course': <Course: Western Vocals>, 'assignments': [{'assignment': <Assignment: New Assignment 1>, 'submission': <AssignmentSubmission: Bibash - New Assignment 1 - Not Started>}]}]
DEBUG 2025-04-30 03:18:43,439 views Accessing student dashboard: user=Bibash, role=Student
DEBUG 2025-04-30 03:18:43,452 views Rendering student dashboard: courses=3, course_assignments=[{'course': <Course: Eastern Vocals>, 'assignments': [{'assignment': <Assignment: Naya Course ho yesari padhnu>, 'submission': <AssignmentSubmission: Bibash - Naya Course ho yesari padhnu - Not Started>}]}, {'course': <Course: Western Vocals>, 'assignments': [{'assignment': <Assignment: New Assignment 1>, 'submission': <AssignmentSubmission: Bibash - New Assignment 1 - Not Started>}]}, {'course': <Course: Western Vocals>, 'assignments': [{'assignment': <Assignment: New Assignment 1>, 'submission': <AssignmentSubmission: Bibash - New Assignment 1 - Not Started>}]}]
DEBUG 2025-04-30 03:19:02,556 views Accessing student dashboard: user=Bibash, role=Student
DEBUG 2025-04-30 03:19:02,570 views Rendering student dashboard: courses=3, course_assignments=[{'course': <Course: Eastern Vocals>, 'assignments': [{'assignment': <Assignment: Naya Course ho yesari padhnu>, 'submission': <AssignmentSubmission: Bibash - Naya Course ho yesari padhnu - Not Started>}]}, {'course': <Course: Western Vocals>, 'assignments': [{'assignment': <Assignment: New Assignment 1>, 'submission': <AssignmentSubmission: Bibash - New Assignment 1 - Not Started>}]}, {'course': <Course: Western Vocals>, 'assignments': [{'assignment': <Assignment: New Assignment 1>, 'submission': <AssignmentSubmission: Bibash - New Assignment 1 - Not Started>}]}]
DEBUG 2025-04-30 03:19:22,396 views Rendering courses list: category=All, user=Bibash
DEBUG 2025-04-30 03:19:23,910 views Rendering courses list: category=All, user=Bibash
DEBUG 2025-04-30 03:19:25,256 views Rendering home page for user: Bibash
DEBUG 2025-04-30 03:19:26,191 views Rendering courses list: category=All, user=Bibash
DEBUG 2025-04-30 03:19:27,997 views Rendering home page for user: Bibash
